CRITICAL - 2024-11-06 08:05:31 --> CodeIgniter\View\Exceptions\ViewException: Invalid file: "web/view/index.php"
[Method: GET, Route: /]
in SYSTEMPATH\Exceptions\FrameworkException.php on line 41.
 1 SYSTEMPATH\View\View.php(222): CodeIgniter\Exceptions\FrameworkException::forInvalidFile('web/view/index.php')
 2 SYSTEMPATH\Common.php(1171): CodeIgniter\View\View->render('web/view/index', [], true)
 3 APPPATH\Controllers\Web.php(15): view('web/view/index', [...])
 4 SYSTEMPATH\CodeIgniter.php(933): App\Controllers\Web->index()
 5 SYSTEMPATH\CodeIgniter.php(509): CodeIgniter\CodeIgniter->runController(Object(App\Controllers\Web))
 6 SYSTEMPATH\CodeIgniter.php(355): CodeIgniter\CodeIgniter->handleRequest(null, Object(Config\Cache), false)
 7 SYSTEMPATH\Boot.php(325): CodeIgniter\CodeIgniter->run()
 8 SYSTEMPATH\Boot.php(67): CodeIgniter\Boot::runCodeIgniter(Object(CodeIgniter\CodeIgniter))
 9 FCPATH\index.php(56): CodeIgniter\Boot::bootWeb(Object(Config\Paths))
10 SYSTEMPATH\rewrite.php(44): require_once('C:\\laragon\\www\\pertanahan\\public\\index.php')
CRITICAL - 2024-11-06 08:05:32 --> CodeIgniter\View\Exceptions\ViewException: Invalid file: "web/view/index.php"
[Method: GET, Route: /]
in SYSTEMPATH\Exceptions\FrameworkException.php on line 41.
 1 SYSTEMPATH\View\View.php(222): CodeIgniter\Exceptions\FrameworkException::forInvalidFile('web/view/index.php')
 2 SYSTEMPATH\Common.php(1171): CodeIgniter\View\View->render('web/view/index', [], true)
 3 APPPATH\Controllers\Web.php(15): view('web/view/index', [...])
 4 SYSTEMPATH\CodeIgniter.php(933): App\Controllers\Web->index()
 5 SYSTEMPATH\CodeIgniter.php(509): CodeIgniter\CodeIgniter->runController(Object(App\Controllers\Web))
 6 SYSTEMPATH\CodeIgniter.php(355): CodeIgniter\CodeIgniter->handleRequest(null, Object(Config\Cache), false)
 7 SYSTEMPATH\Boot.php(325): CodeIgniter\CodeIgniter->run()
 8 SYSTEMPATH\Boot.php(67): CodeIgniter\Boot::runCodeIgniter(Object(CodeIgniter\CodeIgniter))
 9 FCPATH\index.php(56): CodeIgniter\Boot::bootWeb(Object(Config\Paths))
10 SYSTEMPATH\rewrite.php(44): require_once('C:\\laragon\\www\\pertanahan\\public\\index.php')
CRITICAL - 2024-11-06 09:16:41 --> CodeIgniter\View\Exceptions\ViewException: Invalid file: "web/view/index.php"
[Method: GET, Route: /]
in SYSTEMPATH\Exceptions\FrameworkException.php on line 41.
 1 SYSTEMPATH\View\View.php(222): CodeIgniter\Exceptions\FrameworkException::forInvalidFile('web/view/index.php')
 2 SYSTEMPATH\Common.php(1171): CodeIgniter\View\View->render('web/view/index', [], true)
 3 APPPATH\Controllers\Web.php(15): view('web/view/index', [...])
 4 SYSTEMPATH\CodeIgniter.php(933): App\Controllers\Web->index()
 5 SYSTEMPATH\CodeIgniter.php(509): CodeIgniter\CodeIgniter->runController(Object(App\Controllers\Web))
 6 SYSTEMPATH\CodeIgniter.php(355): CodeIgniter\CodeIgniter->handleRequest(null, Object(Config\Cache), false)
 7 SYSTEMPATH\Boot.php(325): CodeIgniter\CodeIgniter->run()
 8 SYSTEMPATH\Boot.php(67): CodeIgniter\Boot::runCodeIgniter(Object(CodeIgniter\CodeIgniter))
 9 FCPATH\index.php(56): CodeIgniter\Boot::bootWeb(Object(Config\Paths))
10 SYSTEMPATH\rewrite.php(44): require_once('C:\\laragon\\www\\pertanahan\\public\\index.php')
CRITICAL - 2024-11-06 09:16:53 --> ErrorException: Undefined variable $setting
[Method: GET, Route: /]
in APPPATH\Views\web\index.php on line 17.
 1 APPPATH\Views\web\index.php(17): CodeIgniter\Debug\Exceptions->errorHandler(2, 'Undefined variable $setting', 'C:\\laragon\\www\\pertanahan\\app\\Views\\web\\index.php', 17)
 2 SYSTEMPATH\View\View.php(234): include('C:\\laragon\\www\\pertanahan\\app\\Views\\web\\index.php')
 3 SYSTEMPATH\View\View.php(237): CodeIgniter\View\View->CodeIgniter\View\{closure}()
 4 SYSTEMPATH\Common.php(1171): CodeIgniter\View\View->render('web/index', [], true)
 5 APPPATH\Controllers\Web.php(15): view('web/index', [...])
 6 SYSTEMPATH\CodeIgniter.php(933): App\Controllers\Web->index()
 7 SYSTEMPATH\CodeIgniter.php(509): CodeIgniter\CodeIgniter->runController(Object(App\Controllers\Web))
 8 SYSTEMPATH\CodeIgniter.php(355): CodeIgniter\CodeIgniter->handleRequest(null, Object(Config\Cache), false)
 9 SYSTEMPATH\Boot.php(325): CodeIgniter\CodeIgniter->run()
10 SYSTEMPATH\Boot.php(67): CodeIgniter\Boot::runCodeIgniter(Object(CodeIgniter\CodeIgniter))
11 FCPATH\index.php(56): CodeIgniter\Boot::bootWeb(Object(Config\Paths))
12 SYSTEMPATH\rewrite.php(44): require_once('C:\\laragon\\www\\pertanahan\\public\\index.php')
CRITICAL - 2024-11-06 09:19:32 --> CodeIgniter\View\Exceptions\ViewException: Invalid file: "web/view/profil.php"
[Method: GET, Route: Web/profil]
in SYSTEMPATH\Exceptions\FrameworkException.php on line 41.
 1 SYSTEMPATH\View\View.php(222): CodeIgniter\Exceptions\FrameworkException::forInvalidFile('web/view/profil.php')
 2 SYSTEMPATH\Common.php(1171): CodeIgniter\View\View->render('web/view/profil', [], true)
 3 APPPATH\Controllers\Web.php(32): view('web/view/profil', [...])
 4 SYSTEMPATH\CodeIgniter.php(933): App\Controllers\Web->profil()
 5 SYSTEMPATH\CodeIgniter.php(509): CodeIgniter\CodeIgniter->runController(Object(App\Controllers\Web))
 6 SYSTEMPATH\CodeIgniter.php(355): CodeIgniter\CodeIgniter->handleRequest(null, Object(Config\Cache), false)
 7 SYSTEMPATH\Boot.php(325): CodeIgniter\CodeIgniter->run()
 8 SYSTEMPATH\Boot.php(67): CodeIgniter\Boot::runCodeIgniter(Object(CodeIgniter\CodeIgniter))
 9 FCPATH\index.php(56): CodeIgniter\Boot::bootWeb(Object(Config\Paths))
10 SYSTEMPATH\rewrite.php(44): require_once('C:\\laragon\\www\\pertanahan\\public\\index.php')
INFO - 2024-11-06 12:39:35 --> Session: Class initialized using 'CodeIgniter\Session\Handlers\FileHandler' driver.
INFO - 2024-11-06 12:41:13 --> Session: Class initialized using 'CodeIgniter\Session\Handlers\FileHandler' driver.
ERROR - 2024-11-06 12:45:39 --> mysqli_sql_exception: Table 'peminjaman' already exists in C:\laragon\www\pertanahan\system\Database\MySQLi\Connection.php:312
Stack trace:
#0 C:\laragon\www\pertanahan\system\Database\MySQLi\Connection.php(312): mysqli->query('CREATE TABLE `p...', 0)
#1 C:\laragon\www\pertanahan\system\Database\BaseConnection.php(734): CodeIgniter\Database\MySQLi\Connection->execute('CREATE TABLE `p...')
#2 C:\laragon\www\pertanahan\system\Database\BaseConnection.php(648): CodeIgniter\Database\BaseConnection->simpleQuery('CREATE TABLE `p...')
#3 C:\laragon\www\pertanahan\system\Database\Forge.php(570): CodeIgniter\Database\BaseConnection->query('CREATE TABLE `p...')
#4 C:\laragon\www\pertanahan\app\Database\Migrations\2024-11-03-104015_Peminjaman.php(54): CodeIgniter\Database\Forge->createTable('peminjaman')
#5 C:\laragon\www\pertanahan\system\Database\MigrationRunner.php(867): App\Database\Migrations\Peminjaman->up()
#6 C:\laragon\www\pertanahan\system\Database\MigrationRunner.php(183): CodeIgniter\Database\MigrationRunner->migrate('up', Object(stdClass))
#7 C:\laragon\www\pertanahan\system\Commands\Database\Migrate.php(85): CodeIgniter\Database\MigrationRunner->latest(NULL)
#8 C:\laragon\www\pertanahan\system\CLI\Commands.php(70): CodeIgniter\Commands\Database\Migrate->run(Array)
#9 C:\laragon\www\pertanahan\system\CLI\BaseCommand.php(119): CodeIgniter\CLI\Commands->run('migrate', Array)
#10 C:\laragon\www\pertanahan\system\Commands\Database\MigrateRefresh.php(87): CodeIgniter\CLI\BaseCommand->call('migrate', Array)
#11 C:\laragon\www\pertanahan\system\CLI\Commands.php(70): CodeIgniter\Commands\Database\MigrateRefresh->run(Array)
#12 C:\laragon\www\pertanahan\system\CLI\Console.php(48): CodeIgniter\CLI\Commands->run('migrate:refresh', Array)
#13 C:\laragon\www\pertanahan\system\Boot.php(351): CodeIgniter\CLI\Console->run()
#14 C:\laragon\www\pertanahan\system\Boot.php(104): CodeIgniter\Boot::runCommand(Object(CodeIgniter\CLI\Console))
#15 C:\laragon\www\pertanahan\spark(84): CodeIgniter\Boot::bootSpark(Object(Config\Paths))
#16 {main}
ERROR - 2024-11-06 12:47:40 --> mysqli_sql_exception: Table 'peminjaman' already exists in C:\laragon\www\pertanahan\system\Database\MySQLi\Connection.php:312
Stack trace:
#0 C:\laragon\www\pertanahan\system\Database\MySQLi\Connection.php(312): mysqli->query('CREATE TABLE `p...', 0)
#1 C:\laragon\www\pertanahan\system\Database\BaseConnection.php(734): CodeIgniter\Database\MySQLi\Connection->execute('CREATE TABLE `p...')
#2 C:\laragon\www\pertanahan\system\Database\BaseConnection.php(648): CodeIgniter\Database\BaseConnection->simpleQuery('CREATE TABLE `p...')
#3 C:\laragon\www\pertanahan\system\Database\Forge.php(570): CodeIgniter\Database\BaseConnection->query('CREATE TABLE `p...')
#4 C:\laragon\www\pertanahan\app\Database\Migrations\2024-11-03-104015_Peminjaman.php(54): CodeIgniter\Database\Forge->createTable('peminjaman')
#5 C:\laragon\www\pertanahan\system\Database\MigrationRunner.php(867): App\Database\Migrations\Peminjaman->up()
#6 C:\laragon\www\pertanahan\system\Database\MigrationRunner.php(183): CodeIgniter\Database\MigrationRunner->migrate('up', Object(stdClass))
#7 C:\laragon\www\pertanahan\system\Commands\Database\Migrate.php(85): CodeIgniter\Database\MigrationRunner->latest(NULL)
#8 C:\laragon\www\pertanahan\system\CLI\Commands.php(70): CodeIgniter\Commands\Database\Migrate->run(Array)
#9 C:\laragon\www\pertanahan\system\CLI\BaseCommand.php(119): CodeIgniter\CLI\Commands->run('migrate', Array)
#10 C:\laragon\www\pertanahan\system\Commands\Database\MigrateRefresh.php(87): CodeIgniter\CLI\BaseCommand->call('migrate', Array)
#11 C:\laragon\www\pertanahan\system\CLI\Commands.php(70): CodeIgniter\Commands\Database\MigrateRefresh->run(Array)
#12 C:\laragon\www\pertanahan\system\CLI\Console.php(48): CodeIgniter\CLI\Commands->run('migrate:refresh', Array)
#13 C:\laragon\www\pertanahan\system\Boot.php(351): CodeIgniter\CLI\Console->run()
#14 C:\laragon\www\pertanahan\system\Boot.php(104): CodeIgniter\Boot::runCommand(Object(CodeIgniter\CLI\Console))
#15 C:\laragon\www\pertanahan\spark(84): CodeIgniter\Boot::bootSpark(Object(Config\Paths))
#16 {main}
ERROR - 2024-11-06 12:49:33 --> mysqli_sql_exception: Table 'peminjaman' already exists in C:\laragon\www\pertanahan\system\Database\MySQLi\Connection.php:312
Stack trace:
#0 C:\laragon\www\pertanahan\system\Database\MySQLi\Connection.php(312): mysqli->query('CREATE TABLE `p...', 0)
#1 C:\laragon\www\pertanahan\system\Database\BaseConnection.php(734): CodeIgniter\Database\MySQLi\Connection->execute('CREATE TABLE `p...')
#2 C:\laragon\www\pertanahan\system\Database\BaseConnection.php(648): CodeIgniter\Database\BaseConnection->simpleQuery('CREATE TABLE `p...')
#3 C:\laragon\www\pertanahan\system\Database\Forge.php(570): CodeIgniter\Database\BaseConnection->query('CREATE TABLE `p...')
#4 C:\laragon\www\pertanahan\app\Database\Migrations\2024-11-03-104015_Peminjaman.php(54): CodeIgniter\Database\Forge->createTable('peminjaman')
#5 C:\laragon\www\pertanahan\system\Database\MigrationRunner.php(867): App\Database\Migrations\Peminjaman->up()
#6 C:\laragon\www\pertanahan\system\Database\MigrationRunner.php(183): CodeIgniter\Database\MigrationRunner->migrate('up', Object(stdClass))
#7 C:\laragon\www\pertanahan\system\Commands\Database\Migrate.php(85): CodeIgniter\Database\MigrationRunner->latest(NULL)
#8 C:\laragon\www\pertanahan\system\CLI\Commands.php(70): CodeIgniter\Commands\Database\Migrate->run(Array)
#9 C:\laragon\www\pertanahan\system\CLI\BaseCommand.php(119): CodeIgniter\CLI\Commands->run('migrate', Array)
#10 C:\laragon\www\pertanahan\system\Commands\Database\MigrateRefresh.php(87): CodeIgniter\CLI\BaseCommand->call('migrate', Array)
#11 C:\laragon\www\pertanahan\system\CLI\Commands.php(70): CodeIgniter\Commands\Database\MigrateRefresh->run(Array)
#12 C:\laragon\www\pertanahan\system\CLI\Console.php(48): CodeIgniter\CLI\Commands->run('migrate:refresh', Array)
#13 C:\laragon\www\pertanahan\system\Boot.php(351): CodeIgniter\CLI\Console->run()
#14 C:\laragon\www\pertanahan\system\Boot.php(104): CodeIgniter\Boot::runCommand(Object(CodeIgniter\CLI\Console))
#15 C:\laragon\www\pertanahan\spark(84): CodeIgniter\Boot::bootSpark(Object(Config\Paths))
#16 {main}
ERROR - 2024-11-06 12:50:53 --> mysqli_sql_exception: Unknown column 'nama' in 'field list' in C:\laragon\www\pertanahan\system\Database\MySQLi\Connection.php:312
Stack trace:
#0 C:\laragon\www\pertanahan\system\Database\MySQLi\Connection.php(312): mysqli->query('INSERT INTO `us...', 0)
#1 C:\laragon\www\pertanahan\system\Database\BaseConnection.php(734): CodeIgniter\Database\MySQLi\Connection->execute('INSERT INTO `us...')
#2 C:\laragon\www\pertanahan\system\Database\BaseConnection.php(648): CodeIgniter\Database\BaseConnection->simpleQuery('INSERT INTO `us...')
#3 C:\laragon\www\pertanahan\system\Database\BaseBuilder.php(2340): CodeIgniter\Database\BaseConnection->query('INSERT INTO `us...', Array, false)
#4 C:\laragon\www\pertanahan\app\Database\Seeds\UserSeeder.php(18): CodeIgniter\Database\BaseBuilder->insert(Array)
#5 C:\laragon\www\pertanahan\system\Database\Seeder.php(147): App\Database\Seeds\UserSeeder->run()
#6 C:\laragon\www\pertanahan\system\Commands\Database\Seed.php(79): CodeIgniter\Database\Seeder->call('App\\Database\\Se...')
#7 C:\laragon\www\pertanahan\system\CLI\Commands.php(70): CodeIgniter\Commands\Database\Seed->run(Array)
#8 C:\laragon\www\pertanahan\system\CLI\Console.php(48): CodeIgniter\CLI\Commands->run('db:seed', Array)
#9 C:\laragon\www\pertanahan\system\Boot.php(351): CodeIgniter\CLI\Console->run()
#10 C:\laragon\www\pertanahan\system\Boot.php(104): CodeIgniter\Boot::runCommand(Object(CodeIgniter\CLI\Console))
#11 C:\laragon\www\pertanahan\spark(84): CodeIgniter\Boot::bootSpark(Object(Config\Paths))
#12 {main}
INFO - 2024-11-06 12:56:15 --> Session: Class initialized using 'CodeIgniter\Session\Handlers\FileHandler' driver.
INFO - 2024-11-06 12:56:53 --> Session: Class initialized using 'CodeIgniter\Session\Handlers\FileHandler' driver.
INFO - 2024-11-06 12:56:53 --> Session: Class initialized using 'CodeIgniter\Session\Handlers\FileHandler' driver.
CRITICAL - 2024-11-06 12:56:53 --> ErrorException: Undefined variable $title
[Method: GET, Route: home]
in APPPATH\Views\layout\header.php on line 7.
 1 APPPATH\Views\layout\header.php(7): CodeIgniter\Debug\Exceptions->errorHandler(2, 'Undefined variable $title', 'C:\\laragon\\www\\pertanahan\\app\\Views\\layout\\header.php', 7)
 2 SYSTEMPATH\View\View.php(234): include('C:\\laragon\\www\\pertanahan\\app\\Views\\layout\\header.php')
 3 SYSTEMPATH\View\View.php(237): CodeIgniter\View\View->CodeIgniter\View\{closure}()
 4 SYSTEMPATH\Common.php(1171): CodeIgniter\View\View->render('layout/header', [], true)
 5 APPPATH\Views\layout\main.php(1): view('layout/header')
 6 SYSTEMPATH\View\View.php(234): include('C:\\laragon\\www\\pertanahan\\app\\Views\\layout\\main.php')
 7 SYSTEMPATH\View\View.php(237): CodeIgniter\View\View->CodeIgniter\View\{closure}()
 8 SYSTEMPATH\View\View.php(250): CodeIgniter\View\View->render('layout/main', [], true)
 9 SYSTEMPATH\Common.php(1171): CodeIgniter\View\View->render('home/index', [], true)
10 APPPATH\Controllers\Home.php(9): view('home/index')
11 SYSTEMPATH\CodeIgniter.php(933): App\Controllers\Home->index()
12 SYSTEMPATH\CodeIgniter.php(509): CodeIgniter\CodeIgniter->runController(Object(App\Controllers\Home))
13 SYSTEMPATH\CodeIgniter.php(355): CodeIgniter\CodeIgniter->handleRequest(null, Object(Config\Cache), false)
14 SYSTEMPATH\Boot.php(325): CodeIgniter\CodeIgniter->run()
15 SYSTEMPATH\Boot.php(67): CodeIgniter\Boot::runCodeIgniter(Object(CodeIgniter\CodeIgniter))
16 FCPATH\index.php(56): CodeIgniter\Boot::bootWeb(Object(Config\Paths))
17 SYSTEMPATH\rewrite.php(44): require_once('C:\\laragon\\www\\pertanahan\\public\\index.php')
INFO - 2024-11-06 12:57:20 --> Session: Class initialized using 'CodeIgniter\Session\Handlers\FileHandler' driver.
INFO - 2024-11-06 12:58:43 --> Session: Class initialized using 'CodeIgniter\Session\Handlers\FileHandler' driver.
INFO - 2024-11-06 13:04:06 --> Session: Class initialized using 'CodeIgniter\Session\Handlers\FileHandler' driver.
